<?xml version="1.0" encoding="UTF-8"?>
<testsuite xmlns:xsi="http://www.w3.org/2001/XMLSchema-instance" xsi:noNamespaceSchemaLocation="https://maven.apache.org/surefire/maven-surefire-plugin/xsd/surefire-test-report-3.0.xsd" version="3.0" name="com.yandex.LionParametrizedTest" time="0.034" tests="5" errors="0" skipped="0" failures="0">
  <properties>
[...]
</properties>
  <testcase name="testInvalidSexThrowsException(String)[1]" classname="com.yandex.LionParametrizedTest" time="0.005"/>
  <testcase name="testInvalidSexThrowsException(String)[2]" classname="com.yandex.LionParametrizedTest" time="0.003"/>
  <testcase name="testInvalidSexThrowsException(String)[3]" classname="com.yandex.LionParametrizedTest" time="0.002"/>
  <testcase name="testInvalidSexThrowsException(String)[4]" classname="com.yandex.LionParametrizedTest" time="0.003"/>
  <testcase name="testInvalidSexThrowsException(String)[5]" classname="com.yandex.LionParametrizedTest" time="0.002"/>
</testsuite>